Analysis & Synthesis report for prelab
Wed Feb 06 23:44:17 2019
Quartus Prime Version 17.1.0 Build 590 10/25/2017 SJ Lite Edition


---------------------
; Table of Contents ;
---------------------
  1. Legal Notice
  2. Analysis & Synthesis Summary
  3. Analysis & Synthesis Settings
  4. Parallel Compilation
  5. Analysis & Synthesis Source Files Read
  6. Analysis & Synthesis Resource Usage Summary
  7. Analysis & Synthesis Resource Utilization by Entity
  8. Registers Removed During Synthesis
  9. General Register Statistics
 10. Inverted Register Statistics
 11. Multiplexer Restructuring Statistics (Restructuring Performed)
 12. Port Connectivity Checks: "num_decoder:hex0|clock_divider:clk_flashing"
 13. Port Connectivity Checks: "random:RNG"
 14. Port Connectivity Checks: "clock_divider:msec"
 15. Post-Synthesis Netlist Statistics for Top Partition
 16. Elapsed Time Per Partition
 17. Analysis & Synthesis Messages
 18. Analysis & Synthesis Suppressed Messages



----------------
; Legal Notice ;
----------------
Copyright (C) 2017  Intel Corporation. All rights reserved.
Your use of Intel Corporation's design tools, logic functions 
and other software and tools, and its AMPP partner logic 
functions, and any output files from any of the foregoing 
(including device programming or simulation files), and any 
associated documentation or information are expressly subject 
to the terms and conditions of the Intel Program License 
Subscription Agreement, the Intel Quartus Prime License Agreement,
the Intel FPGA IP License Agreement, or other applicable license
agreement, including, without limitation, that your use is for
the sole purpose of programming logic devices manufactured by
Intel and sold by Intel or its authorized distributors.  Please
refer to the applicable agreement for further details.



+-------------------------------------------------------------------------------+
; Analysis & Synthesis Summary                                                  ;
+---------------------------------+---------------------------------------------+
; Analysis & Synthesis Status     ; Successful - Wed Feb 06 23:44:17 2019       ;
; Quartus Prime Version           ; 17.1.0 Build 590 10/25/2017 SJ Lite Edition ;
; Revision Name                   ; prelab                                      ;
; Top-level Entity Name           ; reaction_game                               ;
; Family                          ; Cyclone V                                   ;
; Logic utilization (in ALMs)     ; N/A                                         ;
; Total registers                 ; 219                                         ;
; Total pins                      ; 237                                         ;
; Total virtual pins              ; 0                                           ;
; Total block memory bits         ; 0                                           ;
; Total DSP Blocks                ; 0                                           ;
; Total HSSI RX PCSs              ; 0                                           ;
; Total HSSI PMA RX Deserializers ; 0                                           ;
; Total HSSI TX PCSs              ; 0                                           ;
; Total HSSI PMA TX Serializers   ; 0                                           ;
; Total PLLs                      ; 0                                           ;
; Total DLLs                      ; 0                                           ;
+---------------------------------+---------------------------------------------+


+---------------------------------------------------------------------------------------------------------------------------+
; Analysis & Synthesis Settings                                                                                             ;
+---------------------------------------------------------------------------------+--------------------+--------------------+
; Option                                                                          ; Setting            ; Default Value      ;
+---------------------------------------------------------------------------------+--------------------+--------------------+
; Device                                                                          ; 5CSEMA5F31C6       ;                    ;
; Top-level entity name                                                           ; reaction_game      ; prelab             ;
; Family name                                                                     ; Cyclone V          ; Cyclone V          ;
; Use smart compilation                                                           ; Off                ; Off                ;
; Enable parallel Assembler and TimeQuest Timing Analyzer during compilation      ; On                 ; On                 ;
; Enable compact report table                                                     ; Off                ; Off                ;
; Restructure Multiplexers                                                        ; Auto               ; Auto               ;
; MLAB Add Timing Constraints For Mixed-Port Feed-Through Mode Setting Don't Care ; Off                ; Off                ;
; Create Debugging Nodes for IP Cores                                             ; Off                ; Off                ;
; Preserve fewer node names                                                       ; On                 ; On                 ;
; Intel FPGA IP Evaluation Mode                                                   ; Enable             ; Enable             ;
; Verilog Version                                                                 ; Verilog_2001       ; Verilog_2001       ;
; VHDL Version                                                                    ; VHDL_1993          ; VHDL_1993          ;
; State Machine Processing                                                        ; Auto               ; Auto               ;
; Safe State Machine                                                              ; Off                ; Off                ;
; Extract Verilog State Machines                                                  ; On                 ; On                 ;
; Extract VHDL State Machines                                                     ; On                 ; On                 ;
; Ignore Verilog initial constructs                                               ; Off                ; Off                ;
; Iteration limit for constant Verilog loops                                      ; 5000               ; 5000               ;
; Iteration limit for non-constant Verilog loops                                  ; 250                ; 250                ;
; Add Pass-Through Logic to Inferred RAMs                                         ; On                 ; On                 ;
; Infer RAMs from Raw Logic                                                       ; On                 ; On                 ;
; Parallel Synthesis                                                              ; On                 ; On                 ;
; DSP Block Balancing                                                             ; Auto               ; Auto               ;
; NOT Gate Push-Back                                                              ; On                 ; On                 ;
; Power-Up Don't Care                                                             ; On                 ; On                 ;
; Remove Redundant Logic Cells                                                    ; Off                ; Off                ;
; Remove Duplicate Registers                                                      ; On                 ; On                 ;
; Ignore CARRY Buffers                                                            ; Off                ; Off                ;
; Ignore CASCADE Buffers                                                          ; Off                ; Off                ;
; Ignore GLOBAL Buffers                                                           ; Off                ; Off                ;
; Ignore ROW GLOBAL Buffers                                                       ; Off                ; Off                ;
; Ignore LCELL Buffers                                                            ; Off                ; Off                ;
; Ignore SOFT Buffers                                                             ; On                 ; On                 ;
; Limit AHDL Integers to 32 Bits                                                  ; Off                ; Off                ;
; Optimization Technique                                                          ; Balanced           ; Balanced           ;
; Carry Chain Length                                                              ; 70                 ; 70                 ;
; Auto Carry Chains                                                               ; On                 ; On                 ;
; Auto Open-Drain Pins                                                            ; On                 ; On                 ;
; Perform WYSIWYG Primitive Resynthesis                                           ; Off                ; Off                ;
; Auto ROM Replacement                                                            ; On                 ; On                 ;
; Auto RAM Replacement                                                            ; On                 ; On                 ;
; Auto DSP Block Replacement                                                      ; On                 ; On                 ;
; Auto Shift Register Replacement                                                 ; Auto               ; Auto               ;
; Allow Shift Register Merging across Hierarchies                                 ; Auto               ; Auto               ;
; Auto Clock Enable Replacement                                                   ; On                 ; On                 ;
; Strict RAM Replacement                                                          ; Off                ; Off                ;
; Allow Synchronous Control Signals                                               ; On                 ; On                 ;
; Force Use of Synchronous Clear Signals                                          ; Off                ; Off                ;
; Auto Resource Sharing                                                           ; Off                ; Off                ;
; Allow Any RAM Size For Recognition                                              ; Off                ; Off                ;
; Allow Any ROM Size For Recognition                                              ; Off                ; Off                ;
; Allow Any Shift Register Size For Recognition                                   ; Off                ; Off                ;
; Use LogicLock Constraints during Resource Balancing                             ; On                 ; On                 ;
; Ignore translate_off and synthesis_off directives                               ; Off                ; Off                ;
; Timing-Driven Synthesis                                                         ; On                 ; On                 ;
; Report Parameter Settings                                                       ; On                 ; On                 ;
; Report Source Assignments                                                       ; On                 ; On                 ;
; Report Connectivity Checks                                                      ; On                 ; On                 ;
; Ignore Maximum Fan-Out Assignments                                              ; Off                ; Off                ;
; Synchronization Register Chain Length                                           ; 3                  ; 3                  ;
; Power Optimization During Synthesis                                             ; Normal compilation ; Normal compilation ;
; HDL message level                                                               ; Level2             ; Level2             ;
; Suppress Register Optimization Related Messages                                 ; Off                ; Off                ;
; Number of Removed Registers Reported in Synthesis Report                        ; 5000               ; 5000               ;
; Number of Swept Nodes Reported in Synthesis Report                              ; 5000               ; 5000               ;
; Number of Inverted Registers Reported in Synthesis Report                       ; 100                ; 100                ;
; Clock MUX Protection                                                            ; On                 ; On                 ;
; Auto Gated Clock Conversion                                                     ; Off                ; Off                ;
; Block Design Naming                                                             ; Auto               ; Auto               ;
; SDC constraint protection                                                       ; Off                ; Off                ;
; Synthesis Effort                                                                ; Auto               ; Auto               ;
; Shift Register Replacement - Allow Asynchronous Clear Signal                    ; On                 ; On                 ;
; Pre-Mapping Resynthesis Optimization                                            ; Off                ; Off                ;
; Analysis & Synthesis Message Level                                              ; Medium             ; Medium             ;
; Disable Register Merging Across Hierarchies                                     ; Auto               ; Auto               ;
; Resource Aware Inference For Block RAM                                          ; On                 ; On                 ;
; Automatic Parallel Synthesis                                                    ; On                 ; On                 ;
; Partial Reconfiguration Bitstream ID                                            ; Off                ; Off                ;
+---------------------------------------------------------------------------------+--------------------+--------------------+


+------------------------------------------+
; Parallel Compilation                     ;
+----------------------------+-------------+
; Processors                 ; Number      ;
+----------------------------+-------------+
; Number detected on machine ; 12          ;
; Maximum allowed            ; 12          ;
;                            ;             ;
; Average used               ; 1.00        ;
; Maximum used               ; 12          ;
;                            ;             ;
; Usage by Processor         ; % Time Used ;
;     Processor 1            ; 100.0%      ;
;     Processors 2-12        ;   0.0%      ;
+----------------------------+-------------+


+-------------------------------------------------------------------------------------------------------------------------------------------------------+
; Analysis & Synthesis Source Files Read                                                                                                                ;
+----------------------------------+-----------------+------------------------+---------------------------------------------------------------+---------+
; File Name with User-Entered Path ; Used in Netlist ; File Type              ; File Name with Absolute Path                                  ; Library ;
+----------------------------------+-----------------+------------------------+---------------------------------------------------------------+---------+
; hex_counter.v                    ; yes             ; User Verilog HDL File  ; D:/Documents/School/3TB4/Lab2_hank/actual_lab/hex_counter.v   ;         ;
; clock_divider.v                  ; yes             ; User Verilog HDL File  ; D:/Documents/School/3TB4/Lab2_hank/actual_lab/clock_divider.v ;         ;
; bin2BCD.v                        ; yes             ; User Verilog HDL File  ; D:/Documents/School/3TB4/Lab2_hank/actual_lab/bin2BCD.v       ;         ;
; num_decoder.v                    ; yes             ; User Verilog HDL File  ; D:/Documents/School/3TB4/Lab2_hank/actual_lab/num_decoder.v   ;         ;
; random.v                         ; yes             ; User Verilog HDL File  ; D:/Documents/School/3TB4/Lab2_hank/actual_lab/random.v        ;         ;
; reaction_game.v                  ; yes             ; User Verilog HDL File  ; D:/Documents/School/3TB4/Lab2_hank/actual_lab/reaction_game.v ;         ;
; led_decoder.v                    ; yes             ; User Verilog HDL File  ; D:/Documents/School/3TB4/Lab2_hank/actual_lab/led_decoder.v   ;         ;
; add_point.v                      ; yes             ; User Verilog HDL File  ; D:/Documents/School/3TB4/Lab2_hank/actual_lab/add_point.v     ;         ;
+----------------------------------+-----------------+------------------------+---------------------------------------------------------------+---------+


+----------------------------------------------------------------------------+
; Analysis & Synthesis Resource Usage Summary                                ;
+---------------------------------------------+------------------------------+
; Resource                                    ; Usage                        ;
+---------------------------------------------+------------------------------+
; Estimate of Logic utilization (ALMs needed) ; 285                          ;
;                                             ;                              ;
; Combinational ALUT usage for logic          ; 409                          ;
;     -- 7 input functions                    ; 0                            ;
;     -- 6 input functions                    ; 137                          ;
;     -- 5 input functions                    ; 40                           ;
;     -- 4 input functions                    ; 83                           ;
;     -- <=3 input functions                  ; 149                          ;
;                                             ;                              ;
; Dedicated logic registers                   ; 219                          ;
;                                             ;                              ;
; I/O pins                                    ; 237                          ;
;                                             ;                              ;
; Total DSP Blocks                            ; 0                            ;
;                                             ;                              ;
; Maximum fan-out node                        ; clock_divider:msec|LessThan1 ;
; Maximum fan-out                             ; 126                          ;
; Total fan-out                               ; 2841                         ;
; Average fan-out                             ; 2.58                         ;
+---------------------------------------------+------------------------------+


+-----------------------------------------------------------------------------------------------------------------------------------------------------------------------------------------------------------------------------------------+
; Analysis & Synthesis Resource Utilization by Entity                                                                                                                                                                                     ;
+------------------------------------+---------------------+---------------------------+-------------------+------------+------+--------------+------------------------------------------------------------+---------------+--------------+
; Compilation Hierarchy Node         ; Combinational ALUTs ; Dedicated Logic Registers ; Block Memory Bits ; DSP Blocks ; Pins ; Virtual Pins ; Full Hierarchy Name                                        ; Entity Name   ; Library Name ;
+------------------------------------+---------------------+---------------------------+-------------------+------------+------+--------------+------------------------------------------------------------+---------------+--------------+
; |reaction_game                     ; 409 (44)            ; 219 (52)                  ; 0                 ; 0          ; 237  ; 0            ; |reaction_game                                             ; reaction_game ; work         ;
;    |add_point:P1|                  ; 3 (3)               ; 3 (3)                     ; 0                 ; 0          ; 0    ; 0            ; |reaction_game|add_point:P1                                ; add_point     ; work         ;
;    |add_point:P2|                  ; 3 (3)               ; 3 (3)                     ; 0                 ; 0          ; 0    ; 0            ; |reaction_game|add_point:P2                                ; add_point     ; work         ;
;    |bin2BCD:hexTimer|              ; 111 (111)           ; 0 (0)                     ; 0                 ; 0          ; 0    ; 0            ; |reaction_game|bin2BCD:hexTimer                            ; bin2BCD       ; work         ;
;    |clock_divider:msec|            ; 26 (26)             ; 20 (20)                   ; 0                 ; 0          ; 0    ; 0            ; |reaction_game|clock_divider:msec                          ; clock_divider ; work         ;
;    |hex_counter:init_delay|        ; 27 (27)             ; 21 (21)                   ; 0                 ; 0          ; 0    ; 0            ; |reaction_game|hex_counter:init_delay                      ; hex_counter   ; work         ;
;    |hex_counter:random_delay|      ; 29 (29)             ; 21 (21)                   ; 0                 ; 0          ; 0    ; 0            ; |reaction_game|hex_counter:random_delay                    ; hex_counter   ; work         ;
;    |hex_counter:stopwatch|         ; 28 (28)             ; 21 (21)                   ; 0                 ; 0          ; 0    ; 0            ; |reaction_game|hex_counter:stopwatch                       ; hex_counter   ; work         ;
;    |led_decoder:P1_led|            ; 5 (5)               ; 0 (0)                     ; 0                 ; 0          ; 0    ; 0            ; |reaction_game|led_decoder:P1_led                          ; led_decoder   ; work         ;
;    |led_decoder:P2_led|            ; 5 (5)               ; 0 (0)                     ; 0                 ; 0          ; 0    ; 0            ; |reaction_game|led_decoder:P2_led                          ; led_decoder   ; work         ;
;    |num_decoder:hex0|              ; 38 (14)             ; 27 (7)                    ; 0                 ; 0          ; 0    ; 0            ; |reaction_game|num_decoder:hex0                            ; num_decoder   ; work         ;
;       |clock_divider:clk_flashing| ; 24 (24)             ; 20 (20)                   ; 0                 ; 0          ; 0    ; 0            ; |reaction_game|num_decoder:hex0|clock_divider:clk_flashing ; clock_divider ; work         ;
;    |num_decoder:hex1|              ; 14 (14)             ; 7 (7)                     ; 0                 ; 0          ; 0    ; 0            ; |reaction_game|num_decoder:hex1                            ; num_decoder   ; work         ;
;    |num_decoder:hex2|              ; 14 (14)             ; 7 (7)                     ; 0                 ; 0          ; 0    ; 0            ; |reaction_game|num_decoder:hex2                            ; num_decoder   ; work         ;
;    |num_decoder:hex3|              ; 14 (14)             ; 7 (7)                     ; 0                 ; 0          ; 0    ; 0            ; |reaction_game|num_decoder:hex3                            ; num_decoder   ; work         ;
;    |num_decoder:hex4|              ; 14 (14)             ; 7 (7)                     ; 0                 ; 0          ; 0    ; 0            ; |reaction_game|num_decoder:hex4                            ; num_decoder   ; work         ;
;    |num_decoder:hex5|              ; 14 (14)             ; 7 (7)                     ; 0                 ; 0          ; 0    ; 0            ; |reaction_game|num_decoder:hex5                            ; num_decoder   ; work         ;
;    |random:RNG|                    ; 20 (20)             ; 16 (16)                   ; 0                 ; 0          ; 0    ; 0            ; |reaction_game|random:RNG                                  ; random        ; work         ;
+------------------------------------+---------------------+---------------------------+-------------------+------------+------+--------------+------------------------------------------------------------+---------------+--------------+
Note: For table entries with two numbers listed, the numbers in parentheses indicate the number of resources of the given type used by the specific entity alone. The numbers listed outside of parentheses indicate the total resources of the given type used by the specific entity and all of its sub-entities in the hierarchy.


+-------------------------------------------------------------------------------------------------------------------------+
; Registers Removed During Synthesis                                                                                      ;
+------------------------------------------------------+------------------------------------------------------------------+
; Register name                                        ; Reason for Removal                                               ;
+------------------------------------------------------+------------------------------------------------------------------+
; num_decoder:hex1|clock_divider:clk_flashing|cntr[19] ; Merged with num_decoder:hex0|clock_divider:clk_flashing|cntr[19] ;
; num_decoder:hex2|clock_divider:clk_flashing|cntr[19] ; Merged with num_decoder:hex0|clock_divider:clk_flashing|cntr[19] ;
; num_decoder:hex3|clock_divider:clk_flashing|cntr[19] ; Merged with num_decoder:hex0|clock_divider:clk_flashing|cntr[19] ;
; num_decoder:hex4|clock_divider:clk_flashing|cntr[19] ; Merged with num_decoder:hex0|clock_divider:clk_flashing|cntr[19] ;
; num_decoder:hex5|clock_divider:clk_flashing|cntr[19] ; Merged with num_decoder:hex0|clock_divider:clk_flashing|cntr[19] ;
; num_decoder:hex1|clock_divider:clk_flashing|cntr[18] ; Merged with num_decoder:hex0|clock_divider:clk_flashing|cntr[18] ;
; num_decoder:hex2|clock_divider:clk_flashing|cntr[18] ; Merged with num_decoder:hex0|clock_divider:clk_flashing|cntr[18] ;
; num_decoder:hex3|clock_divider:clk_flashing|cntr[18] ; Merged with num_decoder:hex0|clock_divider:clk_flashing|cntr[18] ;
; num_decoder:hex4|clock_divider:clk_flashing|cntr[18] ; Merged with num_decoder:hex0|clock_divider:clk_flashing|cntr[18] ;
; num_decoder:hex5|clock_divider:clk_flashing|cntr[18] ; Merged with num_decoder:hex0|clock_divider:clk_flashing|cntr[18] ;
; num_decoder:hex1|clock_divider:clk_flashing|cntr[17] ; Merged with num_decoder:hex0|clock_divider:clk_flashing|cntr[17] ;
; num_decoder:hex2|clock_divider:clk_flashing|cntr[17] ; Merged with num_decoder:hex0|clock_divider:clk_flashing|cntr[17] ;
; num_decoder:hex3|clock_divider:clk_flashing|cntr[17] ; Merged with num_decoder:hex0|clock_divider:clk_flashing|cntr[17] ;
; num_decoder:hex4|clock_divider:clk_flashing|cntr[17] ; Merged with num_decoder:hex0|clock_divider:clk_flashing|cntr[17] ;
; num_decoder:hex5|clock_divider:clk_flashing|cntr[17] ; Merged with num_decoder:hex0|clock_divider:clk_flashing|cntr[17] ;
; num_decoder:hex1|clock_divider:clk_flashing|cntr[16] ; Merged with num_decoder:hex0|clock_divider:clk_flashing|cntr[16] ;
; num_decoder:hex2|clock_divider:clk_flashing|cntr[16] ; Merged with num_decoder:hex0|clock_divider:clk_flashing|cntr[16] ;
; num_decoder:hex3|clock_divider:clk_flashing|cntr[16] ; Merged with num_decoder:hex0|clock_divider:clk_flashing|cntr[16] ;
; num_decoder:hex4|clock_divider:clk_flashing|cntr[16] ; Merged with num_decoder:hex0|clock_divider:clk_flashing|cntr[16] ;
; num_decoder:hex5|clock_divider:clk_flashing|cntr[16] ; Merged with num_decoder:hex0|clock_divider:clk_flashing|cntr[16] ;
; num_decoder:hex1|clock_divider:clk_flashing|cntr[15] ; Merged with num_decoder:hex0|clock_divider:clk_flashing|cntr[15] ;
; num_decoder:hex2|clock_divider:clk_flashing|cntr[15] ; Merged with num_decoder:hex0|clock_divider:clk_flashing|cntr[15] ;
; num_decoder:hex3|clock_divider:clk_flashing|cntr[15] ; Merged with num_decoder:hex0|clock_divider:clk_flashing|cntr[15] ;
; num_decoder:hex4|clock_divider:clk_flashing|cntr[15] ; Merged with num_decoder:hex0|clock_divider:clk_flashing|cntr[15] ;
; num_decoder:hex5|clock_divider:clk_flashing|cntr[15] ; Merged with num_decoder:hex0|clock_divider:clk_flashing|cntr[15] ;
; num_decoder:hex1|clock_divider:clk_flashing|cntr[14] ; Merged with num_decoder:hex0|clock_divider:clk_flashing|cntr[14] ;
; num_decoder:hex2|clock_divider:clk_flashing|cntr[14] ; Merged with num_decoder:hex0|clock_divider:clk_flashing|cntr[14] ;
; num_decoder:hex3|clock_divider:clk_flashing|cntr[14] ; Merged with num_decoder:hex0|clock_divider:clk_flashing|cntr[14] ;
; num_decoder:hex4|clock_divider:clk_flashing|cntr[14] ; Merged with num_decoder:hex0|clock_divider:clk_flashing|cntr[14] ;
; num_decoder:hex5|clock_divider:clk_flashing|cntr[14] ; Merged with num_decoder:hex0|clock_divider:clk_flashing|cntr[14] ;
; num_decoder:hex1|clock_divider:clk_flashing|cntr[13] ; Merged with num_decoder:hex0|clock_divider:clk_flashing|cntr[13] ;
; num_decoder:hex2|clock_divider:clk_flashing|cntr[13] ; Merged with num_decoder:hex0|clock_divider:clk_flashing|cntr[13] ;
; num_decoder:hex3|clock_divider:clk_flashing|cntr[13] ; Merged with num_decoder:hex0|clock_divider:clk_flashing|cntr[13] ;
; num_decoder:hex4|clock_divider:clk_flashing|cntr[13] ; Merged with num_decoder:hex0|clock_divider:clk_flashing|cntr[13] ;
; num_decoder:hex5|clock_divider:clk_flashing|cntr[13] ; Merged with num_decoder:hex0|clock_divider:clk_flashing|cntr[13] ;
; num_decoder:hex1|clock_divider:clk_flashing|cntr[12] ; Merged with num_decoder:hex0|clock_divider:clk_flashing|cntr[12] ;
; num_decoder:hex2|clock_divider:clk_flashing|cntr[12] ; Merged with num_decoder:hex0|clock_divider:clk_flashing|cntr[12] ;
; num_decoder:hex3|clock_divider:clk_flashing|cntr[12] ; Merged with num_decoder:hex0|clock_divider:clk_flashing|cntr[12] ;
; num_decoder:hex4|clock_divider:clk_flashing|cntr[12] ; Merged with num_decoder:hex0|clock_divider:clk_flashing|cntr[12] ;
; num_decoder:hex5|clock_divider:clk_flashing|cntr[12] ; Merged with num_decoder:hex0|clock_divider:clk_flashing|cntr[12] ;
; num_decoder:hex1|clock_divider:clk_flashing|cntr[11] ; Merged with num_decoder:hex0|clock_divider:clk_flashing|cntr[11] ;
; num_decoder:hex2|clock_divider:clk_flashing|cntr[11] ; Merged with num_decoder:hex0|clock_divider:clk_flashing|cntr[11] ;
; num_decoder:hex3|clock_divider:clk_flashing|cntr[11] ; Merged with num_decoder:hex0|clock_divider:clk_flashing|cntr[11] ;
; num_decoder:hex4|clock_divider:clk_flashing|cntr[11] ; Merged with num_decoder:hex0|clock_divider:clk_flashing|cntr[11] ;
; num_decoder:hex5|clock_divider:clk_flashing|cntr[11] ; Merged with num_decoder:hex0|clock_divider:clk_flashing|cntr[11] ;
; num_decoder:hex1|clock_divider:clk_flashing|cntr[10] ; Merged with num_decoder:hex0|clock_divider:clk_flashing|cntr[10] ;
; num_decoder:hex2|clock_divider:clk_flashing|cntr[10] ; Merged with num_decoder:hex0|clock_divider:clk_flashing|cntr[10] ;
; num_decoder:hex3|clock_divider:clk_flashing|cntr[10] ; Merged with num_decoder:hex0|clock_divider:clk_flashing|cntr[10] ;
; num_decoder:hex4|clock_divider:clk_flashing|cntr[10] ; Merged with num_decoder:hex0|clock_divider:clk_flashing|cntr[10] ;
; num_decoder:hex5|clock_divider:clk_flashing|cntr[10] ; Merged with num_decoder:hex0|clock_divider:clk_flashing|cntr[10] ;
; num_decoder:hex1|clock_divider:clk_flashing|cntr[9]  ; Merged with num_decoder:hex0|clock_divider:clk_flashing|cntr[9]  ;
; num_decoder:hex2|clock_divider:clk_flashing|cntr[9]  ; Merged with num_decoder:hex0|clock_divider:clk_flashing|cntr[9]  ;
; num_decoder:hex3|clock_divider:clk_flashing|cntr[9]  ; Merged with num_decoder:hex0|clock_divider:clk_flashing|cntr[9]  ;
; num_decoder:hex4|clock_divider:clk_flashing|cntr[9]  ; Merged with num_decoder:hex0|clock_divider:clk_flashing|cntr[9]  ;
; num_decoder:hex5|clock_divider:clk_flashing|cntr[9]  ; Merged with num_decoder:hex0|clock_divider:clk_flashing|cntr[9]  ;
; num_decoder:hex1|clock_divider:clk_flashing|cntr[8]  ; Merged with num_decoder:hex0|clock_divider:clk_flashing|cntr[8]  ;
; num_decoder:hex2|clock_divider:clk_flashing|cntr[8]  ; Merged with num_decoder:hex0|clock_divider:clk_flashing|cntr[8]  ;
; num_decoder:hex3|clock_divider:clk_flashing|cntr[8]  ; Merged with num_decoder:hex0|clock_divider:clk_flashing|cntr[8]  ;
; num_decoder:hex4|clock_divider:clk_flashing|cntr[8]  ; Merged with num_decoder:hex0|clock_divider:clk_flashing|cntr[8]  ;
; num_decoder:hex5|clock_divider:clk_flashing|cntr[8]  ; Merged with num_decoder:hex0|clock_divider:clk_flashing|cntr[8]  ;
; num_decoder:hex1|clock_divider:clk_flashing|cntr[7]  ; Merged with num_decoder:hex0|clock_divider:clk_flashing|cntr[7]  ;
; num_decoder:hex2|clock_divider:clk_flashing|cntr[7]  ; Merged with num_decoder:hex0|clock_divider:clk_flashing|cntr[7]  ;
; num_decoder:hex3|clock_divider:clk_flashing|cntr[7]  ; Merged with num_decoder:hex0|clock_divider:clk_flashing|cntr[7]  ;
; num_decoder:hex4|clock_divider:clk_flashing|cntr[7]  ; Merged with num_decoder:hex0|clock_divider:clk_flashing|cntr[7]  ;
; num_decoder:hex5|clock_divider:clk_flashing|cntr[7]  ; Merged with num_decoder:hex0|clock_divider:clk_flashing|cntr[7]  ;
; num_decoder:hex1|clock_divider:clk_flashing|cntr[6]  ; Merged with num_decoder:hex0|clock_divider:clk_flashing|cntr[6]  ;
; num_decoder:hex2|clock_divider:clk_flashing|cntr[6]  ; Merged with num_decoder:hex0|clock_divider:clk_flashing|cntr[6]  ;
; num_decoder:hex3|clock_divider:clk_flashing|cntr[6]  ; Merged with num_decoder:hex0|clock_divider:clk_flashing|cntr[6]  ;
; num_decoder:hex4|clock_divider:clk_flashing|cntr[6]  ; Merged with num_decoder:hex0|clock_divider:clk_flashing|cntr[6]  ;
; num_decoder:hex5|clock_divider:clk_flashing|cntr[6]  ; Merged with num_decoder:hex0|clock_divider:clk_flashing|cntr[6]  ;
; num_decoder:hex1|clock_divider:clk_flashing|cntr[5]  ; Merged with num_decoder:hex0|clock_divider:clk_flashing|cntr[5]  ;
; num_decoder:hex2|clock_divider:clk_flashing|cntr[5]  ; Merged with num_decoder:hex0|clock_divider:clk_flashing|cntr[5]  ;
; num_decoder:hex3|clock_divider:clk_flashing|cntr[5]  ; Merged with num_decoder:hex0|clock_divider:clk_flashing|cntr[5]  ;
; num_decoder:hex4|clock_divider:clk_flashing|cntr[5]  ; Merged with num_decoder:hex0|clock_divider:clk_flashing|cntr[5]  ;
; num_decoder:hex5|clock_divider:clk_flashing|cntr[5]  ; Merged with num_decoder:hex0|clock_divider:clk_flashing|cntr[5]  ;
; num_decoder:hex1|clock_divider:clk_flashing|cntr[4]  ; Merged with num_decoder:hex0|clock_divider:clk_flashing|cntr[4]  ;
; num_decoder:hex2|clock_divider:clk_flashing|cntr[4]  ; Merged with num_decoder:hex0|clock_divider:clk_flashing|cntr[4]  ;
; num_decoder:hex3|clock_divider:clk_flashing|cntr[4]  ; Merged with num_decoder:hex0|clock_divider:clk_flashing|cntr[4]  ;
; num_decoder:hex4|clock_divider:clk_flashing|cntr[4]  ; Merged with num_decoder:hex0|clock_divider:clk_flashing|cntr[4]  ;
; num_decoder:hex5|clock_divider:clk_flashing|cntr[4]  ; Merged with num_decoder:hex0|clock_divider:clk_flashing|cntr[4]  ;
; num_decoder:hex1|clock_divider:clk_flashing|cntr[3]  ; Merged with num_decoder:hex0|clock_divider:clk_flashing|cntr[3]  ;
; num_decoder:hex2|clock_divider:clk_flashing|cntr[3]  ; Merged with num_decoder:hex0|clock_divider:clk_flashing|cntr[3]  ;
; num_decoder:hex3|clock_divider:clk_flashing|cntr[3]  ; Merged with num_decoder:hex0|clock_divider:clk_flashing|cntr[3]  ;
; num_decoder:hex4|clock_divider:clk_flashing|cntr[3]  ; Merged with num_decoder:hex0|clock_divider:clk_flashing|cntr[3]  ;
; num_decoder:hex5|clock_divider:clk_flashing|cntr[3]  ; Merged with num_decoder:hex0|clock_divider:clk_flashing|cntr[3]  ;
; num_decoder:hex1|clock_divider:clk_flashing|cntr[2]  ; Merged with num_decoder:hex0|clock_divider:clk_flashing|cntr[2]  ;
; num_decoder:hex2|clock_divider:clk_flashing|cntr[2]  ; Merged with num_decoder:hex0|clock_divider:clk_flashing|cntr[2]  ;
; num_decoder:hex3|clock_divider:clk_flashing|cntr[2]  ; Merged with num_decoder:hex0|clock_divider:clk_flashing|cntr[2]  ;
; num_decoder:hex4|clock_divider:clk_flashing|cntr[2]  ; Merged with num_decoder:hex0|clock_divider:clk_flashing|cntr[2]  ;
; num_decoder:hex5|clock_divider:clk_flashing|cntr[2]  ; Merged with num_decoder:hex0|clock_divider:clk_flashing|cntr[2]  ;
; num_decoder:hex1|clock_divider:clk_flashing|cntr[1]  ; Merged with num_decoder:hex0|clock_divider:clk_flashing|cntr[1]  ;
; num_decoder:hex2|clock_divider:clk_flashing|cntr[1]  ; Merged with num_decoder:hex0|clock_divider:clk_flashing|cntr[1]  ;
; num_decoder:hex3|clock_divider:clk_flashing|cntr[1]  ; Merged with num_decoder:hex0|clock_divider:clk_flashing|cntr[1]  ;
; num_decoder:hex4|clock_divider:clk_flashing|cntr[1]  ; Merged with num_decoder:hex0|clock_divider:clk_flashing|cntr[1]  ;
; num_decoder:hex5|clock_divider:clk_flashing|cntr[1]  ; Merged with num_decoder:hex0|clock_divider:clk_flashing|cntr[1]  ;
; num_decoder:hex1|clock_divider:clk_flashing|cntr[0]  ; Merged with num_decoder:hex0|clock_divider:clk_flashing|cntr[0]  ;
; num_decoder:hex2|clock_divider:clk_flashing|cntr[0]  ; Merged with num_decoder:hex0|clock_divider:clk_flashing|cntr[0]  ;
; num_decoder:hex3|clock_divider:clk_flashing|cntr[0]  ; Merged with num_decoder:hex0|clock_divider:clk_flashing|cntr[0]  ;
; num_decoder:hex4|clock_divider:clk_flashing|cntr[0]  ; Merged with num_decoder:hex0|clock_divider:clk_flashing|cntr[0]  ;
; num_decoder:hex5|clock_divider:clk_flashing|cntr[0]  ; Merged with num_decoder:hex0|clock_divider:clk_flashing|cntr[0]  ;
; init_stop~reg0                                       ; Merged with HEX_flashing~reg0                                    ;
; Total Number of Removed Registers = 101              ;                                                                  ;
+------------------------------------------------------+------------------------------------------------------------------+


+------------------------------------------------------+
; General Register Statistics                          ;
+----------------------------------------------+-------+
; Statistic                                    ; Value ;
+----------------------------------------------+-------+
; Total registers                              ; 219   ;
; Number of registers using Synchronous Clear  ; 115   ;
; Number of registers using Synchronous Load   ; 66    ;
; Number of registers using Asynchronous Clear ; 0     ;
; Number of registers using Asynchronous Load  ; 0     ;
; Number of registers using Clock Enable       ; 112   ;
; Number of registers using Preset             ; 0     ;
+----------------------------------------------+-------+


+--------------------------------------------------+
; Inverted Register Statistics                     ;
+----------------------------------------+---------+
; Inverted Register                      ; Fan out ;
+----------------------------------------+---------+
; main_reset~reg0                        ; 10      ;
; random:RNG|random[0]                   ; 5       ;
; random:RNG|random[1]                   ; 5       ;
; random:RNG|random[3]                   ; 5       ;
; random:RNG|random[4]                   ; 4       ;
; random:RNG|random[9]                   ; 4       ;
; random:RNG|random[11]                  ; 4       ;
; random:RNG|random[13]                  ; 4       ;
; Total number of inverted registers = 8 ;         ;
+----------------------------------------+---------+


+------------------------------------------------------------------------------------------------------------------------------------------------------------+
; Multiplexer Restructuring Statistics (Restructuring Performed)                                                                                             ;
+--------------------+-----------+---------------+----------------------+------------------------+------------+----------------------------------------------+
; Multiplexer Inputs ; Bus Width ; Baseline Area ; Area if Restructured ; Saving if Restructured ; Registered ; Example Multiplexer Output                   ;
+--------------------+-----------+---------------+----------------------+------------------------+------------+----------------------------------------------+
; 3:1                ; 42 bits   ; 84 LEs        ; 84 LEs               ; 0 LEs                  ; Yes        ; |reaction_game|num_decoder:hex3|disp[2]      ;
; 3:1                ; 2 bits    ; 4 LEs         ; 2 LEs                ; 2 LEs                  ; Yes        ; |reaction_game|P1_press~reg0                 ;
; 4:1                ; 2 bits    ; 4 LEs         ; 4 LEs                ; 0 LEs                  ; Yes        ; |reaction_game|stopwatch_stop~reg0           ;
; 4:1                ; 2 bits    ; 4 LEs         ; 4 LEs                ; 0 LEs                  ; Yes        ; |reaction_game|HEX_off~reg0                  ;
; 4:1                ; 24 bits   ; 48 LEs        ; 24 LEs               ; 24 LEs                 ; Yes        ; |reaction_game|HEX_val[4]~reg0               ;
; 4:1                ; 20 bits   ; 40 LEs        ; 0 LEs                ; 40 LEs                 ; Yes        ; |reaction_game|hex_counter:init_delay|Q[13]  ;
; 4:1                ; 20 bits   ; 40 LEs        ; 0 LEs                ; 40 LEs                 ; Yes        ; |reaction_game|hex_counter:stopwatch|Q[10]   ;
; 4:1                ; 20 bits   ; 40 LEs        ; 0 LEs                ; 40 LEs                 ; Yes        ; |reaction_game|hex_counter:random_delay|Q[0] ;
; 5:1                ; 2 bits    ; 6 LEs         ; 4 LEs                ; 2 LEs                  ; Yes        ; |reaction_game|P1_ledEnable~reg0             ;
; 4:1                ; 15 bits   ; 30 LEs        ; 0 LEs                ; 30 LEs                 ; Yes        ; |reaction_game|rng_delay[6]~reg0             ;
+--------------------+-----------+---------------+----------------------+------------------------+------------+----------------------------------------------+


+-------------------------------------------------------------------------+
; Port Connectivity Checks: "num_decoder:hex0|clock_divider:clk_flashing" ;
+----------------+-------+----------+-------------------------------------+
; Port           ; Type  ; Severity ; Details                             ;
+----------------+-------+----------+-------------------------------------+
; Reset_n        ; Input ; Info     ; Stuck at VCC                        ;
; divisor[19..3] ; Input ; Info     ; Stuck at GND                        ;
; divisor[1..0]  ; Input ; Info     ; Stuck at GND                        ;
; divisor[2]     ; Input ; Info     ; Stuck at VCC                        ;
+----------------+-------+----------+-------------------------------------+


+-------------------------------------------+
; Port Connectivity Checks: "random:RNG"    ;
+---------+-------+----------+--------------+
; Port    ; Type  ; Severity ; Details      ;
+---------+-------+----------+--------------+
; reset_n ; Input ; Info     ; Stuck at VCC ;
+---------+-------+----------+--------------+


+--------------------------------------------------+
; Port Connectivity Checks: "clock_divider:msec"   ;
+----------------+-------+----------+--------------+
; Port           ; Type  ; Severity ; Details      ;
+----------------+-------+----------+--------------+
; Reset_n        ; Input ; Info     ; Stuck at VCC ;
; divisor[19..3] ; Input ; Info     ; Stuck at GND ;
; divisor[1..0]  ; Input ; Info     ; Stuck at GND ;
; divisor[2]     ; Input ; Info     ; Stuck at VCC ;
+----------------+-------+----------+--------------+


+-----------------------------------------------------+
; Post-Synthesis Netlist Statistics for Top Partition ;
+-----------------------+-----------------------------+
; Type                  ; Count                       ;
+-----------------------+-----------------------------+
; arriav_ff             ; 219                         ;
;     ENA               ; 13                          ;
;     ENA SCLR          ; 75                          ;
;     ENA SLD           ; 24                          ;
;     SCLR              ; 40                          ;
;     SLD               ; 42                          ;
;     plain             ; 25                          ;
; arriav_lcell_comb     ; 411                         ;
;     arith             ; 100                         ;
;         1 data inputs ; 100                         ;
;     normal            ; 311                         ;
;         0 data inputs ; 2                           ;
;         1 data inputs ; 25                          ;
;         2 data inputs ; 8                           ;
;         3 data inputs ; 16                          ;
;         4 data inputs ; 83                          ;
;         5 data inputs ; 40                          ;
;         6 data inputs ; 137                         ;
; boundary_port         ; 237                         ;
;                       ;                             ;
; Max LUT depth         ; 9.00                        ;
; Average LUT depth     ; 3.45                        ;
+-----------------------+-----------------------------+


+-------------------------------+
; Elapsed Time Per Partition    ;
+----------------+--------------+
; Partition Name ; Elapsed Time ;
+----------------+--------------+
; Top            ; 00:00:04     ;
+----------------+--------------+


+-------------------------------+
; Analysis & Synthesis Messages ;
+-------------------------------+
Info: *******************************************************************
Info: Running Quartus Prime Analysis & Synthesis
    Info: Version 17.1.0 Build 590 10/25/2017 SJ Lite Edition
    Info: Processing started: Wed Feb 06 23:44:02 2019
Info: Command: quartus_map --read_settings_files=on --write_settings_files=off prelab -c prelab
Warning (18236): Number of processors has not been specified which may cause overloading on shared machines.  Set the global assignment NUM_PARALLEL_PROCESSORS in your QSF to an appropriate value for best performance.
Info (20030): Parallel compilation is enabled and will use 12 of the 12 processors detected
Info (12021): Found 1 design units, including 1 entities, in source file hex_counter.v
    Info (12023): Found entity 1: hex_counter File: D:/Documents/School/3TB4/Lab2_hank/actual_lab/hex_counter.v Line: 1
Info (12021): Found 1 design units, including 1 entities, in source file clock_divider.v
    Info (12023): Found entity 1: clock_divider File: D:/Documents/School/3TB4/Lab2_hank/actual_lab/clock_divider.v Line: 1
Info (12021): Found 1 design units, including 1 entities, in source file bin2bcd.v
    Info (12023): Found entity 1: bin2BCD File: D:/Documents/School/3TB4/Lab2_hank/actual_lab/bin2BCD.v Line: 1
Info (12021): Found 1 design units, including 1 entities, in source file num_decoder.v
    Info (12023): Found entity 1: num_decoder File: D:/Documents/School/3TB4/Lab2_hank/actual_lab/num_decoder.v Line: 1
Info (12021): Found 1 design units, including 1 entities, in source file random.v
    Info (12023): Found entity 1: random File: D:/Documents/School/3TB4/Lab2_hank/actual_lab/random.v Line: 1
Info (12021): Found 1 design units, including 1 entities, in source file reaction_game.v
    Info (12023): Found entity 1: reaction_game File: D:/Documents/School/3TB4/Lab2_hank/actual_lab/reaction_game.v Line: 1
Info (12021): Found 1 design units, including 1 entities, in source file led_decoder.v
    Info (12023): Found entity 1: led_decoder File: D:/Documents/School/3TB4/Lab2_hank/actual_lab/led_decoder.v Line: 1
Info (12021): Found 1 design units, including 1 entities, in source file add_point.v
    Info (12023): Found entity 1: add_point File: D:/Documents/School/3TB4/Lab2_hank/actual_lab/add_point.v Line: 1
Info (12127): Elaborating entity "reaction_game" for the top level hierarchy
Info (12128): Elaborating entity "clock_divider" for hierarchy "clock_divider:msec" File: D:/Documents/School/3TB4/Lab2_hank/actual_lab/reaction_game.v Line: 44
Info (12128): Elaborating entity "hex_counter" for hierarchy "hex_counter:init_delay" File: D:/Documents/School/3TB4/Lab2_hank/actual_lab/reaction_game.v Line: 47
Info (12128): Elaborating entity "random" for hierarchy "random:RNG" File: D:/Documents/School/3TB4/Lab2_hank/actual_lab/reaction_game.v Line: 51
Info (12128): Elaborating entity "bin2BCD" for hierarchy "bin2BCD:hexTimer" File: D:/Documents/School/3TB4/Lab2_hank/actual_lab/reaction_game.v Line: 60
Info (12128): Elaborating entity "num_decoder" for hierarchy "num_decoder:hex0" File: D:/Documents/School/3TB4/Lab2_hank/actual_lab/reaction_game.v Line: 62
Info (12128): Elaborating entity "led_decoder" for hierarchy "led_decoder:P1_led" File: D:/Documents/School/3TB4/Lab2_hank/actual_lab/reaction_game.v Line: 70
Info (12128): Elaborating entity "add_point" for hierarchy "add_point:P1" File: D:/Documents/School/3TB4/Lab2_hank/actual_lab/reaction_game.v Line: 75
Warning (13024): Output pins are stuck at VCC or GND
    Warning (13410): Pin "divisor[0]" is stuck at GND File: D:/Documents/School/3TB4/Lab2_hank/actual_lab/reaction_game.v Line: 35
    Warning (13410): Pin "divisor[1]" is stuck at GND File: D:/Documents/School/3TB4/Lab2_hank/actual_lab/reaction_game.v Line: 35
    Warning (13410): Pin "divisor[2]" is stuck at VCC File: D:/Documents/School/3TB4/Lab2_hank/actual_lab/reaction_game.v Line: 35
    Warning (13410): Pin "divisor[3]" is stuck at GND File: D:/Documents/School/3TB4/Lab2_hank/actual_lab/reaction_game.v Line: 35
    Warning (13410): Pin "divisor[4]" is stuck at GND File: D:/Documents/School/3TB4/Lab2_hank/actual_lab/reaction_game.v Line: 35
    Warning (13410): Pin "divisor[5]" is stuck at GND File: D:/Documents/School/3TB4/Lab2_hank/actual_lab/reaction_game.v Line: 35
    Warning (13410): Pin "divisor[6]" is stuck at GND File: D:/Documents/School/3TB4/Lab2_hank/actual_lab/reaction_game.v Line: 35
    Warning (13410): Pin "divisor[7]" is stuck at GND File: D:/Documents/School/3TB4/Lab2_hank/actual_lab/reaction_game.v Line: 35
    Warning (13410): Pin "divisor[8]" is stuck at GND File: D:/Documents/School/3TB4/Lab2_hank/actual_lab/reaction_game.v Line: 35
    Warning (13410): Pin "divisor[9]" is stuck at GND File: D:/Documents/School/3TB4/Lab2_hank/actual_lab/reaction_game.v Line: 35
    Warning (13410): Pin "divisor[10]" is stuck at GND File: D:/Documents/School/3TB4/Lab2_hank/actual_lab/reaction_game.v Line: 35
    Warning (13410): Pin "divisor[11]" is stuck at GND File: D:/Documents/School/3TB4/Lab2_hank/actual_lab/reaction_game.v Line: 35
    Warning (13410): Pin "divisor[12]" is stuck at GND File: D:/Documents/School/3TB4/Lab2_hank/actual_lab/reaction_game.v Line: 35
    Warning (13410): Pin "divisor[13]" is stuck at GND File: D:/Documents/School/3TB4/Lab2_hank/actual_lab/reaction_game.v Line: 35
    Warning (13410): Pin "divisor[14]" is stuck at GND File: D:/Documents/School/3TB4/Lab2_hank/actual_lab/reaction_game.v Line: 35
    Warning (13410): Pin "divisor[15]" is stuck at GND File: D:/Documents/School/3TB4/Lab2_hank/actual_lab/reaction_game.v Line: 35
    Warning (13410): Pin "divisor[16]" is stuck at GND File: D:/Documents/School/3TB4/Lab2_hank/actual_lab/reaction_game.v Line: 35
    Warning (13410): Pin "divisor[17]" is stuck at GND File: D:/Documents/School/3TB4/Lab2_hank/actual_lab/reaction_game.v Line: 35
    Warning (13410): Pin "divisor[18]" is stuck at GND File: D:/Documents/School/3TB4/Lab2_hank/actual_lab/reaction_game.v Line: 35
    Warning (13410): Pin "divisor[19]" is stuck at GND File: D:/Documents/School/3TB4/Lab2_hank/actual_lab/reaction_game.v Line: 35
Info (286030): Timing-Driven Synthesis is running
Info (144001): Generated suppressed messages file D:/Documents/School/3TB4/Lab2_hank/actual_lab/output_files/prelab.map.smsg
Info (16010): Generating hard_block partition "hard_block:auto_generated_inst"
    Info (16011): Adding 0 node(s), including 0 DDIO, 0 PLL, 0 transceiver and 0 LCELL
Info (21057): Implemented 686 device resources after synthesis - the final resource count might be different
    Info (21058): Implemented 5 input pins
    Info (21059): Implemented 232 output pins
    Info (21061): Implemented 449 logic cells
Info: Quartus Prime Analysis & Synthesis was successful. 0 errors, 22 warnings
    Info: Peak virtual memory: 4916 megabytes
    Info: Processing ended: Wed Feb 06 23:44:17 2019
    Info: Elapsed time: 00:00:15
    Info: Total CPU time (on all processors): 00:00:29


+------------------------------------------+
; Analysis & Synthesis Suppressed Messages ;
+------------------------------------------+
The suppressed messages can be found in D:/Documents/School/3TB4/Lab2_hank/actual_lab/output_files/prelab.map.smsg.


