Analysis & Synthesis report for Ass3
Mon Mar 11 23:43:29 2019
Quartus Prime Version 17.1.0 Build 590 10/25/2017 SJ Lite Edition


---------------------
; Table of Contents ;
---------------------
  1. Legal Notice
  2. Analysis & Synthesis Summary
  3. Analysis & Synthesis Settings
  4. Parallel Compilation
  5. Analysis & Synthesis Source Files Read
  6. Analysis & Synthesis Resource Usage Summary
  7. Analysis & Synthesis Resource Utilization by Entity
  8. Analysis & Synthesis DSP Block Usage Summary
  9. Analysis & Synthesis IP Cores Summary
 10. General Register Statistics
 11. Parameter Settings for User Entity Instance: multiply:mul_1|lpm_mult:lpm_mult_component
 12. Parameter Settings for User Entity Instance: multiply:mul_2|lpm_mult:lpm_mult_component
 13. lpm_mult Parameter Settings by Entity Instance
 14. Port Connectivity Checks: "multiply:mul_2"
 15. Port Connectivity Checks: "multiply:mul_1"
 16. Post-Synthesis Netlist Statistics for Top Partition
 17. Elapsed Time Per Partition
 18. Analysis & Synthesis Messages



----------------
; Legal Notice ;
----------------
Copyright (C) 2017  Intel Corporation. All rights reserved.
Your use of Intel Corporation's design tools, logic functions 
and other software and tools, and its AMPP partner logic 
functions, and any output files from any of the foregoing 
(including device programming or simulation files), and any 
associated documentation or information are expressly subject 
to the terms and conditions of the Intel Program License 
Subscription Agreement, the Intel Quartus Prime License Agreement,
the Intel FPGA IP License Agreement, or other applicable license
agreement, including, without limitation, that your use is for
the sole purpose of programming logic devices manufactured by
Intel and sold by Intel or its authorized distributors.  Please
refer to the applicable agreement for further details.



+-------------------------------------------------------------------------------+
; Analysis & Synthesis Summary                                                  ;
+---------------------------------+---------------------------------------------+
; Analysis & Synthesis Status     ; Successful - Mon Mar 11 23:43:29 2019       ;
; Quartus Prime Version           ; 17.1.0 Build 590 10/25/2017 SJ Lite Edition ;
; Revision Name                   ; Ass3                                        ;
; Top-level Entity Name           ; Q3                                          ;
; Family                          ; Cyclone V                                   ;
; Logic utilization (in ALMs)     ; N/A                                         ;
; Total registers                 ; 0                                           ;
; Total pins                      ; 41                                          ;
; Total virtual pins              ; 0                                           ;
; Total block memory bits         ; 0                                           ;
; Total DSP Blocks                ; 2                                           ;
; Total HSSI RX PCSs              ; 0                                           ;
; Total HSSI PMA RX Deserializers ; 0                                           ;
; Total HSSI TX PCSs              ; 0                                           ;
; Total HSSI PMA TX Serializers   ; 0                                           ;
; Total PLLs                      ; 0                                           ;
; Total DLLs                      ; 0                                           ;
+---------------------------------+---------------------------------------------+


+---------------------------------------------------------------------------------------------------------------------------+
; Analysis & Synthesis Settings                                                                                             ;
+---------------------------------------------------------------------------------+--------------------+--------------------+
; Option                                                                          ; Setting            ; Default Value      ;
+---------------------------------------------------------------------------------+--------------------+--------------------+
; Device                                                                          ; 5CSEMA5F31C6       ;                    ;
; Top-level entity name                                                           ; Q3                 ; Ass3               ;
; Family name                                                                     ; Cyclone V          ; Cyclone V          ;
; Use smart compilation                                                           ; Off                ; Off                ;
; Enable parallel Assembler and TimeQuest Timing Analyzer during compilation      ; On                 ; On                 ;
; Enable compact report table                                                     ; Off                ; Off                ;
; Restructure Multiplexers                                                        ; Auto               ; Auto               ;
; MLAB Add Timing Constraints For Mixed-Port Feed-Through Mode Setting Don't Care ; Off                ; Off                ;
; Create Debugging Nodes for IP Cores                                             ; Off                ; Off                ;
; Preserve fewer node names                                                       ; On                 ; On                 ;
; Intel FPGA IP Evaluation Mode                                                   ; Enable             ; Enable             ;
; Verilog Version                                                                 ; Verilog_2001       ; Verilog_2001       ;
; VHDL Version                                                                    ; VHDL_1993          ; VHDL_1993          ;
; State Machine Processing                                                        ; Auto               ; Auto               ;
; Safe State Machine                                                              ; Off                ; Off                ;
; Extract Verilog State Machines                                                  ; On                 ; On                 ;
; Extract VHDL State Machines                                                     ; On                 ; On                 ;
; Ignore Verilog initial constructs                                               ; Off                ; Off                ;
; Iteration limit for constant Verilog loops                                      ; 5000               ; 5000               ;
; Iteration limit for non-constant Verilog loops                                  ; 250                ; 250                ;
; Add Pass-Through Logic to Inferred RAMs                                         ; On                 ; On                 ;
; Infer RAMs from Raw Logic                                                       ; On                 ; On                 ;
; Parallel Synthesis                                                              ; On                 ; On                 ;
; DSP Block Balancing                                                             ; Auto               ; Auto               ;
; NOT Gate Push-Back                                                              ; On                 ; On                 ;
; Power-Up Don't Care                                                             ; On                 ; On                 ;
; Remove Redundant Logic Cells                                                    ; Off                ; Off                ;
; Remove Duplicate Registers                                                      ; On                 ; On                 ;
; Ignore CARRY Buffers                                                            ; Off                ; Off                ;
; Ignore CASCADE Buffers                                                          ; Off                ; Off                ;
; Ignore GLOBAL Buffers                                                           ; Off                ; Off                ;
; Ignore ROW GLOBAL Buffers                                                       ; Off                ; Off                ;
; Ignore LCELL Buffers                                                            ; Off                ; Off                ;
; Ignore SOFT Buffers                                                             ; On                 ; On                 ;
; Limit AHDL Integers to 32 Bits                                                  ; Off                ; Off                ;
; Optimization Technique                                                          ; Balanced           ; Balanced           ;
; Carry Chain Length                                                              ; 70                 ; 70                 ;
; Auto Carry Chains                                                               ; On                 ; On                 ;
; Auto Open-Drain Pins                                                            ; On                 ; On                 ;
; Perform WYSIWYG Primitive Resynthesis                                           ; Off                ; Off                ;
; Auto ROM Replacement                                                            ; On                 ; On                 ;
; Auto RAM Replacement                                                            ; On                 ; On                 ;
; Auto DSP Block Replacement                                                      ; On                 ; On                 ;
; Auto Shift Register Replacement                                                 ; Auto               ; Auto               ;
; Allow Shift Register Merging across Hierarchies                                 ; Auto               ; Auto               ;
; Auto Clock Enable Replacement                                                   ; On                 ; On                 ;
; Strict RAM Replacement                                                          ; Off                ; Off                ;
; Allow Synchronous Control Signals                                               ; On                 ; On                 ;
; Force Use of Synchronous Clear Signals                                          ; Off                ; Off                ;
; Auto Resource Sharing                                                           ; Off                ; Off                ;
; Allow Any RAM Size For Recognition                                              ; Off                ; Off                ;
; Allow Any ROM Size For Recognition                                              ; Off                ; Off                ;
; Allow Any Shift Register Size For Recognition                                   ; Off                ; Off                ;
; Use LogicLock Constraints during Resource Balancing                             ; On                 ; On                 ;
; Ignore translate_off and synthesis_off directives                               ; Off                ; Off                ;
; Timing-Driven Synthesis                                                         ; On                 ; On                 ;
; Report Parameter Settings                                                       ; On                 ; On                 ;
; Report Source Assignments                                                       ; On                 ; On                 ;
; Report Connectivity Checks                                                      ; On                 ; On                 ;
; Ignore Maximum Fan-Out Assignments                                              ; Off                ; Off                ;
; Synchronization Register Chain Length                                           ; 3                  ; 3                  ;
; Power Optimization During Synthesis                                             ; Normal compilation ; Normal compilation ;
; HDL message level                                                               ; Level2             ; Level2             ;
; Suppress Register Optimization Related Messages                                 ; Off                ; Off                ;
; Number of Removed Registers Reported in Synthesis Report                        ; 5000               ; 5000               ;
; Number of Swept Nodes Reported in Synthesis Report                              ; 5000               ; 5000               ;
; Number of Inverted Registers Reported in Synthesis Report                       ; 100                ; 100                ;
; Clock MUX Protection                                                            ; On                 ; On                 ;
; Auto Gated Clock Conversion                                                     ; Off                ; Off                ;
; Block Design Naming                                                             ; Auto               ; Auto               ;
; SDC constraint protection                                                       ; Off                ; Off                ;
; Synthesis Effort                                                                ; Auto               ; Auto               ;
; Shift Register Replacement - Allow Asynchronous Clear Signal                    ; On                 ; On                 ;
; Pre-Mapping Resynthesis Optimization                                            ; Off                ; Off                ;
; Analysis & Synthesis Message Level                                              ; Medium             ; Medium             ;
; Disable Register Merging Across Hierarchies                                     ; Auto               ; Auto               ;
; Resource Aware Inference For Block RAM                                          ; On                 ; On                 ;
; Automatic Parallel Synthesis                                                    ; On                 ; On                 ;
; Partial Reconfiguration Bitstream ID                                            ; Off                ; Off                ;
+---------------------------------------------------------------------------------+--------------------+--------------------+


+------------------------------------------+
; Parallel Compilation                     ;
+----------------------------+-------------+
; Processors                 ; Number      ;
+----------------------------+-------------+
; Number detected on machine ; 4           ;
; Maximum allowed            ; 2           ;
;                            ;             ;
; Average used               ; 1.00        ;
; Maximum used               ; 1           ;
;                            ;             ;
; Usage by Processor         ; % Time Used ;
;     Processor 1            ; 100.0%      ;
+----------------------------+-------------+


+----------------------------------------------------------------------------------------------------------------------------------------------------------------------+
; Analysis & Synthesis Source Files Read                                                                                                                               ;
+----------------------------------+-----------------+------------------------------+------------------------------------------------------------------------+---------+
; File Name with User-Entered Path ; Used in Netlist ; File Type                    ; File Name with Absolute Path                                           ; Library ;
+----------------------------------+-----------------+------------------------------+------------------------------------------------------------------------+---------+
; Q3.v                             ; yes             ; User Verilog HDL File        ; D:/3TB4/Ass3_hank/Q3.v                                                 ;         ;
; multiply.v                       ; yes             ; User Wizard-Generated File   ; D:/3TB4/Ass3_hank/multiply.v                                           ;         ;
; lpm_mult.tdf                     ; yes             ; Megafunction                 ; c:/intelfpga_lite/17.1/quartus/libraries/megafunctions/lpm_mult.tdf    ;         ;
; aglobal171.inc                   ; yes             ; Megafunction                 ; c:/intelfpga_lite/17.1/quartus/libraries/megafunctions/aglobal171.inc  ;         ;
; lpm_add_sub.inc                  ; yes             ; Megafunction                 ; c:/intelfpga_lite/17.1/quartus/libraries/megafunctions/lpm_add_sub.inc ;         ;
; multcore.inc                     ; yes             ; Megafunction                 ; c:/intelfpga_lite/17.1/quartus/libraries/megafunctions/multcore.inc    ;         ;
; bypassff.inc                     ; yes             ; Megafunction                 ; c:/intelfpga_lite/17.1/quartus/libraries/megafunctions/bypassff.inc    ;         ;
; altshift.inc                     ; yes             ; Megafunction                 ; c:/intelfpga_lite/17.1/quartus/libraries/megafunctions/altshift.inc    ;         ;
; db/mult_c1n.v                    ; yes             ; Auto-Generated Megafunction  ; D:/3TB4/Ass3_hank/db/mult_c1n.v                                        ;         ;
+----------------------------------+-----------------+------------------------------+------------------------------------------------------------------------+---------+


+--------------------------------------------------------------------------------------------------------------------------+
; Analysis & Synthesis Resource Usage Summary                                                                              ;
+---------------------------------------------+----------------------------------------------------------------------------+
; Resource                                    ; Usage                                                                      ;
+---------------------------------------------+----------------------------------------------------------------------------+
; Estimate of Logic utilization (ALMs needed) ; 22                                                                         ;
;                                             ;                                                                            ;
; Combinational ALUT usage for logic          ; 44                                                                         ;
;     -- 7 input functions                    ; 0                                                                          ;
;     -- 6 input functions                    ; 0                                                                          ;
;     -- 5 input functions                    ; 0                                                                          ;
;     -- 4 input functions                    ; 0                                                                          ;
;     -- <=3 input functions                  ; 44                                                                         ;
;                                             ;                                                                            ;
; Dedicated logic registers                   ; 0                                                                          ;
;                                             ;                                                                            ;
; I/O pins                                    ; 41                                                                         ;
;                                             ;                                                                            ;
; Total DSP Blocks                            ; 2                                                                          ;
;                                             ;                                                                            ;
; Maximum fan-out node                        ; multiply:mul_1|lpm_mult:lpm_mult_component|mult_c1n:auto_generated|Mult0~8 ;
; Maximum fan-out                             ; 17                                                                         ;
; Total fan-out                               ; 215                                                                        ;
; Average fan-out                             ; 1.68                                                                       ;
+---------------------------------------------+----------------------------------------------------------------------------+


+----------------------------------------------------------------------------------------------------------------------------------------------------------------------------------------------------------------------------------------------------+
; Analysis & Synthesis Resource Utilization by Entity                                                                                                                                                                                                ;
+-------------------------------------+---------------------+---------------------------+-------------------+------------+------+--------------+------------------------------------------------------------------------+-------------+--------------+
; Compilation Hierarchy Node          ; Combinational ALUTs ; Dedicated Logic Registers ; Block Memory Bits ; DSP Blocks ; Pins ; Virtual Pins ; Full Hierarchy Name                                                    ; Entity Name ; Library Name ;
+-------------------------------------+---------------------+---------------------------+-------------------+------------+------+--------------+------------------------------------------------------------------------+-------------+--------------+
; |Q3                                 ; 44 (44)             ; 0 (0)                     ; 0                 ; 2          ; 41   ; 0            ; |Q3                                                                    ; Q3          ; work         ;
;    |multiply:mul_1|                 ; 0 (0)               ; 0 (0)                     ; 0                 ; 1          ; 0    ; 0            ; |Q3|multiply:mul_1                                                     ; multiply    ; work         ;
;       |lpm_mult:lpm_mult_component| ; 0 (0)               ; 0 (0)                     ; 0                 ; 1          ; 0    ; 0            ; |Q3|multiply:mul_1|lpm_mult:lpm_mult_component                         ; lpm_mult    ; work         ;
;          |mult_c1n:auto_generated|  ; 0 (0)               ; 0 (0)                     ; 0                 ; 1          ; 0    ; 0            ; |Q3|multiply:mul_1|lpm_mult:lpm_mult_component|mult_c1n:auto_generated ; mult_c1n    ; work         ;
;    |multiply:mul_2|                 ; 0 (0)               ; 0 (0)                     ; 0                 ; 1          ; 0    ; 0            ; |Q3|multiply:mul_2                                                     ; multiply    ; work         ;
;       |lpm_mult:lpm_mult_component| ; 0 (0)               ; 0 (0)                     ; 0                 ; 1          ; 0    ; 0            ; |Q3|multiply:mul_2|lpm_mult:lpm_mult_component                         ; lpm_mult    ; work         ;
;          |mult_c1n:auto_generated|  ; 0 (0)               ; 0 (0)                     ; 0                 ; 1          ; 0    ; 0            ; |Q3|multiply:mul_2|lpm_mult:lpm_mult_component|mult_c1n:auto_generated ; mult_c1n    ; work         ;
+-------------------------------------+---------------------+---------------------------+-------------------+------------+------+--------------+------------------------------------------------------------------------+-------------+--------------+
Note: For table entries with two numbers listed, the numbers in parentheses indicate the number of resources of the given type used by the specific entity alone. The numbers listed outside of parentheses indicate the total resources of the given type used by the specific entity and all of its sub-entities in the hierarchy.


+-------------------------------------------------+
; Analysis & Synthesis DSP Block Usage Summary    ;
+-----------------------------------+-------------+
; Statistic                         ; Number Used ;
+-----------------------------------+-------------+
; Two Independent 18x18             ; 2           ;
; Total number of DSP blocks        ; 2           ;
;                                   ;             ;
; Fixed Point Mixed Sign Multiplier ; 2           ;
+-----------------------------------+-------------+


+------------------------------------------------------------------------------------------------------+
; Analysis & Synthesis IP Cores Summary                                                                ;
+--------+--------------+---------+--------------+--------------+--------------------+-----------------+
; Vendor ; IP Core Name ; Version ; Release Date ; License Type ; Entity Instance    ; IP Include File ;
+--------+--------------+---------+--------------+--------------+--------------------+-----------------+
; Altera ; LPM_MULT     ; 17.1    ; N/A          ; N/A          ; |Q3|multiply:mul_1 ; multiply.v      ;
; Altera ; LPM_MULT     ; 17.1    ; N/A          ; N/A          ; |Q3|multiply:mul_2 ; multiply.v      ;
+--------+--------------+---------+--------------+--------------+--------------------+-----------------+


+------------------------------------------------------+
; General Register Statistics                          ;
+----------------------------------------------+-------+
; Statistic                                    ; Value ;
+----------------------------------------------+-------+
; Total registers                              ; 0     ;
; Number of registers using Synchronous Clear  ; 0     ;
; Number of registers using Synchronous Load   ; 0     ;
; Number of registers using Asynchronous Clear ; 0     ;
; Number of registers using Asynchronous Load  ; 0     ;
; Number of registers using Clock Enable       ; 0     ;
; Number of registers using Preset             ; 0     ;
+----------------------------------------------+-------+


+-----------------------------------------------------------------------------------------+
; Parameter Settings for User Entity Instance: multiply:mul_1|lpm_mult:lpm_mult_component ;
+------------------------------------------------+-----------+----------------------------+
; Parameter Name                                 ; Value     ; Type                       ;
+------------------------------------------------+-----------+----------------------------+
; AUTO_CARRY_CHAINS                              ; ON        ; AUTO_CARRY                 ;
; IGNORE_CARRY_BUFFERS                           ; OFF       ; IGNORE_CARRY               ;
; AUTO_CASCADE_CHAINS                            ; ON        ; AUTO_CASCADE               ;
; IGNORE_CASCADE_BUFFERS                         ; OFF       ; IGNORE_CASCADE             ;
; LPM_WIDTHA                                     ; 17        ; Signed Integer             ;
; LPM_WIDTHB                                     ; 17        ; Signed Integer             ;
; LPM_WIDTHP                                     ; 17        ; Signed Integer             ;
; LPM_WIDTHR                                     ; 0         ; Untyped                    ;
; LPM_WIDTHS                                     ; 1         ; Untyped                    ;
; LPM_REPRESENTATION                             ; SIGNED    ; Untyped                    ;
; LPM_PIPELINE                                   ; 0         ; Untyped                    ;
; LATENCY                                        ; 0         ; Untyped                    ;
; INPUT_A_IS_CONSTANT                            ; NO        ; Untyped                    ;
; INPUT_B_IS_CONSTANT                            ; NO        ; Untyped                    ;
; USE_EAB                                        ; OFF       ; Untyped                    ;
; MAXIMIZE_SPEED                                 ; 5         ; Untyped                    ;
; DEVICE_FAMILY                                  ; Cyclone V ; Untyped                    ;
; CARRY_CHAIN                                    ; MANUAL    ; Untyped                    ;
; APEX20K_TECHNOLOGY_MAPPER                      ; LUT       ; TECH_MAPPER_APEX20K        ;
; DEDICATED_MULTIPLIER_CIRCUITRY                 ; AUTO      ; Untyped                    ;
; DEDICATED_MULTIPLIER_MIN_INPUT_WIDTH_FOR_AUTO  ; 0         ; Untyped                    ;
; DEDICATED_MULTIPLIER_MIN_OUTPUT_WIDTH_FOR_AUTO ; 0         ; Untyped                    ;
; CBXI_PARAMETER                                 ; mult_c1n  ; Untyped                    ;
; INPUT_A_FIXED_VALUE                            ; Bx        ; Untyped                    ;
; INPUT_B_FIXED_VALUE                            ; Bx        ; Untyped                    ;
; USE_AHDL_IMPLEMENTATION                        ; OFF       ; Untyped                    ;
+------------------------------------------------+-----------+----------------------------+
Note: In order to hide this table in the UI and the text report file, please set the "Show Parameter Settings in Synthesis Report" option in "Analysis and Synthesis Settings -> More Settings" to "Off".


+-----------------------------------------------------------------------------------------+
; Parameter Settings for User Entity Instance: multiply:mul_2|lpm_mult:lpm_mult_component ;
+------------------------------------------------+-----------+----------------------------+
; Parameter Name                                 ; Value     ; Type                       ;
+------------------------------------------------+-----------+----------------------------+
; AUTO_CARRY_CHAINS                              ; ON        ; AUTO_CARRY                 ;
; IGNORE_CARRY_BUFFERS                           ; OFF       ; IGNORE_CARRY               ;
; AUTO_CASCADE_CHAINS                            ; ON        ; AUTO_CASCADE               ;
; IGNORE_CASCADE_BUFFERS                         ; OFF       ; IGNORE_CASCADE             ;
; LPM_WIDTHA                                     ; 17        ; Signed Integer             ;
; LPM_WIDTHB                                     ; 17        ; Signed Integer             ;
; LPM_WIDTHP                                     ; 17        ; Signed Integer             ;
; LPM_WIDTHR                                     ; 0         ; Untyped                    ;
; LPM_WIDTHS                                     ; 1         ; Untyped                    ;
; LPM_REPRESENTATION                             ; SIGNED    ; Untyped                    ;
; LPM_PIPELINE                                   ; 0         ; Untyped                    ;
; LATENCY                                        ; 0         ; Untyped                    ;
; INPUT_A_IS_CONSTANT                            ; NO        ; Untyped                    ;
; INPUT_B_IS_CONSTANT                            ; NO        ; Untyped                    ;
; USE_EAB                                        ; OFF       ; Untyped                    ;
; MAXIMIZE_SPEED                                 ; 5         ; Untyped                    ;
; DEVICE_FAMILY                                  ; Cyclone V ; Untyped                    ;
; CARRY_CHAIN                                    ; MANUAL    ; Untyped                    ;
; APEX20K_TECHNOLOGY_MAPPER                      ; LUT       ; TECH_MAPPER_APEX20K        ;
; DEDICATED_MULTIPLIER_CIRCUITRY                 ; AUTO      ; Untyped                    ;
; DEDICATED_MULTIPLIER_MIN_INPUT_WIDTH_FOR_AUTO  ; 0         ; Untyped                    ;
; DEDICATED_MULTIPLIER_MIN_OUTPUT_WIDTH_FOR_AUTO ; 0         ; Untyped                    ;
; CBXI_PARAMETER                                 ; mult_c1n  ; Untyped                    ;
; INPUT_A_FIXED_VALUE                            ; Bx        ; Untyped                    ;
; INPUT_B_FIXED_VALUE                            ; Bx        ; Untyped                    ;
; USE_AHDL_IMPLEMENTATION                        ; OFF       ; Untyped                    ;
+------------------------------------------------+-----------+----------------------------+
Note: In order to hide this table in the UI and the text report file, please set the "Show Parameter Settings in Synthesis Report" option in "Analysis and Synthesis Settings -> More Settings" to "Off".


+------------------------------------------------------------------------------------+
; lpm_mult Parameter Settings by Entity Instance                                     ;
+---------------------------------------+--------------------------------------------+
; Name                                  ; Value                                      ;
+---------------------------------------+--------------------------------------------+
; Number of entity instances            ; 2                                          ;
; Entity Instance                       ; multiply:mul_1|lpm_mult:lpm_mult_component ;
;     -- LPM_WIDTHA                     ; 17                                         ;
;     -- LPM_WIDTHB                     ; 17                                         ;
;     -- LPM_WIDTHP                     ; 17                                         ;
;     -- LPM_REPRESENTATION             ; SIGNED                                     ;
;     -- INPUT_A_IS_CONSTANT            ; NO                                         ;
;     -- INPUT_B_IS_CONSTANT            ; NO                                         ;
;     -- USE_EAB                        ; OFF                                        ;
;     -- DEDICATED_MULTIPLIER_CIRCUITRY ; AUTO                                       ;
;     -- INPUT_A_FIXED_VALUE            ; Bx                                         ;
;     -- INPUT_B_FIXED_VALUE            ; Bx                                         ;
; Entity Instance                       ; multiply:mul_2|lpm_mult:lpm_mult_component ;
;     -- LPM_WIDTHA                     ; 17                                         ;
;     -- LPM_WIDTHB                     ; 17                                         ;
;     -- LPM_WIDTHP                     ; 17                                         ;
;     -- LPM_REPRESENTATION             ; SIGNED                                     ;
;     -- INPUT_A_IS_CONSTANT            ; NO                                         ;
;     -- INPUT_B_IS_CONSTANT            ; NO                                         ;
;     -- USE_EAB                        ; OFF                                        ;
;     -- DEDICATED_MULTIPLIER_CIRCUITRY ; AUTO                                       ;
;     -- INPUT_A_FIXED_VALUE            ; Bx                                         ;
;     -- INPUT_B_FIXED_VALUE            ; Bx                                         ;
+---------------------------------------+--------------------------------------------+


+-------------------------------------------------+
; Port Connectivity Checks: "multiply:mul_2"      ;
+---------------+-------+----------+--------------+
; Port          ; Type  ; Severity ; Details      ;
+---------------+-------+----------+--------------+
; datab[16..15] ; Input ; Info     ; Stuck at GND ;
; datab[6..0]   ; Input ; Info     ; Stuck at GND ;
+---------------+-------+----------+--------------+


+-----------------------------------------------+
; Port Connectivity Checks: "multiply:mul_1"    ;
+-------------+-------+----------+--------------+
; Port        ; Type  ; Severity ; Details      ;
+-------------+-------+----------+--------------+
; dataa[7..0] ; Input ; Info     ; Stuck at GND ;
; dataa[16]   ; Input ; Info     ; Stuck at GND ;
+-------------+-------+----------+--------------+


+-----------------------------------------------------+
; Post-Synthesis Netlist Statistics for Top Partition ;
+-----------------------+-----------------------------+
; Type                  ; Count                       ;
+-----------------------+-----------------------------+
; arriav_lcell_comb     ; 44                          ;
;     arith             ; 44                          ;
;         1 data inputs ; 3                           ;
;         2 data inputs ; 41                          ;
; arriav_mac            ; 2                           ;
; boundary_port         ; 41                          ;
;                       ;                             ;
; Max LUT depth         ; 5.60                        ;
; Average LUT depth     ; 4.58                        ;
+-----------------------+-----------------------------+


+-------------------------------+
; Elapsed Time Per Partition    ;
+----------------+--------------+
; Partition Name ; Elapsed Time ;
+----------------+--------------+
; Top            ; 00:00:00     ;
+----------------+--------------+


+-------------------------------+
; Analysis & Synthesis Messages ;
+-------------------------------+
Info: *******************************************************************
Info: Running Quartus Prime Analysis & Synthesis
    Info: Version 17.1.0 Build 590 10/25/2017 SJ Lite Edition
    Info: Processing started: Mon Mar 11 23:42:46 2019
Info: Command: quartus_map --read_settings_files=on --write_settings_files=off Ass3 -c Ass3
Warning (18236): Number of processors has not been specified which may cause overloading on shared machines.  Set the global assignment NUM_PARALLEL_PROCESSORS in your QSF to an appropriate value for best performance.
Info (20030): Parallel compilation is enabled and will use 2 of the 2 processors detected
Info (12021): Found 1 design units, including 1 entities, in source file q1.v
    Info (12023): Found entity 1: Q1 File: D:/3TB4/Ass3_hank/Q1.v Line: 1
Info (12021): Found 1 design units, including 1 entities, in source file q3.v
    Info (12023): Found entity 1: Q3 File: D:/3TB4/Ass3_hank/Q3.v Line: 1
Info (12021): Found 1 design units, including 1 entities, in source file multiply.v
    Info (12023): Found entity 1: multiply File: D:/3TB4/Ass3_hank/multiply.v Line: 39
Info (12127): Elaborating entity "Q3" for the top level hierarchy
Warning (10030): Net "x_tmp[8..1]" at Q3.v(8) has no driver or initial value, using a default initial value '0' File: D:/3TB4/Ass3_hank/Q3.v Line: 8
Warning (10030): Net "z_tmp[8..2]" at Q3.v(9) has no driver or initial value, using a default initial value '0' File: D:/3TB4/Ass3_hank/Q3.v Line: 9
Info (12128): Elaborating entity "multiply" for hierarchy "multiply:mul_1" File: D:/3TB4/Ass3_hank/Q3.v Line: 32
Info (12128): Elaborating entity "lpm_mult" for hierarchy "multiply:mul_1|lpm_mult:lpm_mult_component" File: D:/3TB4/Ass3_hank/multiply.v Line: 59
Info (12130): Elaborated megafunction instantiation "multiply:mul_1|lpm_mult:lpm_mult_component" File: D:/3TB4/Ass3_hank/multiply.v Line: 59
Info (12133): Instantiated megafunction "multiply:mul_1|lpm_mult:lpm_mult_component" with the following parameter: File: D:/3TB4/Ass3_hank/multiply.v Line: 59
    Info (12134): Parameter "lpm_hint" = "MAXIMIZE_SPEED=5"
    Info (12134): Parameter "lpm_representation" = "SIGNED"
    Info (12134): Parameter "lpm_type" = "LPM_MULT"
    Info (12134): Parameter "lpm_widtha" = "17"
    Info (12134): Parameter "lpm_widthb" = "17"
    Info (12134): Parameter "lpm_widthp" = "17"
Info (12021): Found 1 design units, including 1 entities, in source file db/mult_c1n.v
    Info (12023): Found entity 1: mult_c1n File: D:/3TB4/Ass3_hank/db/mult_c1n.v Line: 28
Info (12128): Elaborating entity "mult_c1n" for hierarchy "multiply:mul_1|lpm_mult:lpm_mult_component|mult_c1n:auto_generated" File: c:/intelfpga_lite/17.1/quartus/libraries/megafunctions/lpm_mult.tdf Line: 376
Warning (12011): Net is missing source, defaulting to GND
    Warning (12110): Net "y_s[8]" is missing source, defaulting to GND File: D:/3TB4/Ass3_hank/Q3.v Line: 12
    Warning (12110): Net "y_s[7]" is missing source, defaulting to GND File: D:/3TB4/Ass3_hank/Q3.v Line: 12
    Warning (12110): Net "y_s[6]" is missing source, defaulting to GND File: D:/3TB4/Ass3_hank/Q3.v Line: 12
    Warning (12110): Net "y_s[5]" is missing source, defaulting to GND File: D:/3TB4/Ass3_hank/Q3.v Line: 12
    Warning (12110): Net "y_s[4]" is missing source, defaulting to GND File: D:/3TB4/Ass3_hank/Q3.v Line: 12
    Warning (12110): Net "y_s[3]" is missing source, defaulting to GND File: D:/3TB4/Ass3_hank/Q3.v Line: 12
    Warning (12110): Net "y_s[2]" is missing source, defaulting to GND File: D:/3TB4/Ass3_hank/Q3.v Line: 12
    Warning (12110): Net "y_s[1]" is missing source, defaulting to GND File: D:/3TB4/Ass3_hank/Q3.v Line: 12
    Warning (12110): Net "y_s[0]" is missing source, defaulting to GND File: D:/3TB4/Ass3_hank/Q3.v Line: 12
Info (16010): Generating hard_block partition "hard_block:auto_generated_inst"
    Info (16011): Adding 0 node(s), including 0 DDIO, 0 PLL, 0 transceiver and 0 LCELL
Info (21057): Implemented 87 device resources after synthesis - the final resource count might be different
    Info (21058): Implemented 24 input pins
    Info (21059): Implemented 17 output pins
    Info (21061): Implemented 44 logic cells
    Info (21062): Implemented 2 DSP elements
Info: Quartus Prime Analysis & Synthesis was successful. 0 errors, 13 warnings
    Info: Peak virtual memory: 4842 megabytes
    Info: Processing ended: Mon Mar 11 23:43:29 2019
    Info: Elapsed time: 00:00:43
    Info: Total CPU time (on all processors): 00:00:39


