11:25:35 **** Incremental Build of configuration Nios II for project blinky ****
make all 
Info: Building ../blinky_bsp/
C:/intelFPGA_lite/17.1/nios2eds/bin/gnu/H-x86_64-mingw32/bin/make --no-print-directory -C ../blinky_bsp/
[BSP build complete]
[blinky build complete]
11:25:44 **** Build of configuration Nios II for project blinky ****
make all 
Info: Building ../blinky_bsp/
C:/intelFPGA_lite/17.1/nios2eds/bin/gnu/H-x86_64-mingw32/bin/make --no-print-directory -C ../blinky_bsp/
[BSP build complete]
[blinky build complete]
11:26:46 **** Build of configuration Nios II for project blinky ****
make all 
Info: Building ../blinky_bsp/
C:/intelFPGA_lite/17.1/nios2eds/bin/gnu/H-x86_64-mingw32/bin/make --no-print-directory -C ../blinky_bsp/
[BSP build complete]
[blinky build complete]
11:28:44 **** Incremental Build of configuration Nios II for project blinky ****
make all 
Info: Building ../blinky_bsp/
C:/intelFPGA_lite/17.1/nios2eds/bin/gnu/H-x86_64-mingw32/bin/make --no-print-directory -C ../blinky_bsp/
[BSP build complete]
[blinky build complete]
